c:\users\lukie\source\repos\dsaproject2\dlldsaproject\dlldsaproject\debug\dlldsaproject.pch
c:\users\lukie\source\repos\dsaproject2\dlldsaproject\dlldsaproject\debug\vc142.pdb
c:\users\lukie\source\repos\dsaproject2\dlldsaproject\dlldsaproject\debug\vc142.idb
c:\users\lukie\source\repos\dsaproject2\dlldsaproject\dlldsaproject\debug\pch.obj
c:\users\lukie\source\repos\dsaproject2\dlldsaproject\dlldsaproject\debug\dllmain.obj
c:\users\lukie\source\repos\dsaproject2\dlldsaproject\dlldsaproject\debug\dlldsaproject.obj
c:\users\42sat\documents\code projects\dsaproject\dlldsaproject\dlldsaproject\debug\sampledll.pch
c:\users\42sat\documents\code projects\dsaproject\dlldsaproject\dlldsaproject\debug\vc143.pdb
c:\users\42sat\documents\code projects\dsaproject\dlldsaproject\dlldsaproject\debug\vc143.idb
c:\users\42sat\documents\code projects\dsaproject\dlldsaproject\dlldsaproject\debug\pch.obj
c:\users\42sat\documents\code projects\dsaproject\dlldsaproject\dlldsaproject\debug\dllmain.obj
c:\users\42sat\documents\code projects\dsaproject\dlldsaproject\dlldsaproject\debug\dlldsaproject.obj
c:\users\lukie\source\repos\dsaproject2\dlldsaproject\debug\dlldsaproject.lib
c:\users\lukie\source\repos\dsaproject2\dlldsaproject\debug\dlldsaproject.exp
c:\users\42sat\documents\code projects\dsaproject\dlldsaproject\debug\sampledll.lib
c:\users\42sat\documents\code projects\dsaproject\dlldsaproject\debug\sampledll.exp
c:\users\lukie\source\repos\dsaproject2\dlldsaproject\debug\dlldsaproject.ilk
c:\users\lukie\source\repos\dsaproject2\dlldsaproject\debug\dlldsaproject.dll
c:\users\lukie\source\repos\dsaproject2\dlldsaproject\debug\dlldsaproject.pdb
c:\users\42sat\documents\code projects\dsaproject\dlldsaproject\dlldsaproject\debug\sampledll.ilk
c:\users\42sat\documents\code projects\dsaproject\dlldsaproject\debug\sampledll.dll
c:\users\42sat\documents\code projects\dsaproject\dlldsaproject\debug\sampledll.pdb
c:\users\lukie\source\repos\dsaproject2\dlldsaproject\dlldsaproject\debug\dlldsaproject.ilk
c:\users\lukie\source\repos\dsaproject2\dlldsaproject\dlldsaproject\debug\sampledll.ilk
c:\users\lukie\source\repos\dsaproject2\dlldsaproject\dlldsaproject\debug\vc143.idb
c:\users\lukie\source\repos\dsaproject2\dlldsaproject\dlldsaproject\debug\vc143.pdb
c:\users\lukie\source\repos\dsaproject2\dlldsaproject\debug\sampledll.pdb
c:\users\lukie\source\repos\dsaproject2\dlldsaproject\debug\sampledll.dll
c:\users\lukie\source\repos\dsaproject2\dlldsaproject\dlldsaproject\debug\dlldsaproject.tlog\cl.command.1.tlog
c:\users\lukie\source\repos\dsaproject2\dlldsaproject\dlldsaproject\debug\dlldsaproject.tlog\cl.read.1.tlog
c:\users\lukie\source\repos\dsaproject2\dlldsaproject\dlldsaproject\debug\dlldsaproject.tlog\cl.write.1.tlog
c:\users\lukie\source\repos\dsaproject2\dlldsaproject\dlldsaproject\debug\dlldsaproject.tlog\dlldsaproject.write.1u.tlog
c:\users\lukie\source\repos\dsaproject2\dlldsaproject\dlldsaproject\debug\dlldsaproject.tlog\link.10864.delete.1.tlog
c:\users\lukie\source\repos\dsaproject2\dlldsaproject\dlldsaproject\debug\dlldsaproject.tlog\link.28396.delete.1.tlog
c:\users\lukie\source\repos\dsaproject2\dlldsaproject\dlldsaproject\debug\dlldsaproject.tlog\link.command.1.tlog
c:\users\lukie\source\repos\dsaproject2\dlldsaproject\dlldsaproject\debug\dlldsaproject.tlog\link.read.1.tlog
c:\users\lukie\source\repos\dsaproject2\dlldsaproject\dlldsaproject\debug\dlldsaproject.tlog\link.write.1.tlog
